<?xml version="1.0" encoding="UTF-8"?>
<testng-results skipped="0" failed="0" ignored="0" total="1" passed="1">
  <reporter-output>
  </reporter-output>
  <suite name="Default suite" duration-ms="34241" started-at="2018-10-14T08:09:44Z" finished-at="2018-10-14T08:10:18Z">
    <groups>
    </groups>
    <test name="Default test" duration-ms="34241" started-at="2018-10-14T08:09:44Z" finished-at="2018-10-14T08:10:18Z">
      <class name="com.qa.automation.testsuites.WalletHubTest">
        <test-method status="PASS" signature="test_PostReviewOnWalletHub()[pri:0, instance:com.qa.automation.testsuites.WalletHubTest@2b98378d]" name="test_PostReviewOnWalletHub" duration-ms="34210" started-at="2018-10-14T08:09:44Z" finished-at="2018-10-14T08:10:18Z">
          <reporter-output>
          </reporter-output>
        </test-method> <!-- test_PostReviewOnWalletHub -->
      </class> <!-- com.qa.automation.testsuites.WalletHubTest -->
    </test> <!-- Default test -->
  </suite> <!-- Default suite -->
</testng-results>
